<?xml version="1.0" encoding="UTF-8"?>
<!-- Generated by org.testng.reporters.JUnitReportReporter -->
<testsuite hostname="DESKTOP-T7I66BH" failures="0" tests="1" name="SeleniumPrtaice.Screenshots" time="4.631" errors="0" timestamp="2024-06-25T14:10:51 IST" skipped="0">
  <testcase classname="SeleniumPrtaice.Screenshots" name="TakeScreeshot" time="4.631"/>
  <system-out/>
</testsuite> <!-- SeleniumPrtaice.Screenshots -->
