<?xml version="1.0" encoding="UTF-8"?>
<!-- Generated by org.testng.reporters.JUnitReportReporter -->
<testsuite hostname="DESKTOP-T7I66BH" failures="0" tests="1" name="SeleniumPrtaice.WindiowHandle" time="13.649" errors="0" timestamp="2024-07-27T07:46:10 IST" skipped="0">
  <testcase classname="SeleniumPrtaice.WindiowHandle" name="handleMultipleWindow" time="13.649"/>
  <system-out/>
</testsuite> <!-- SeleniumPrtaice.WindiowHandle -->
