<?xml version="1.0" encoding="UTF-8"?>
<!-- Generated by org.testng.reporters.JUnitReportReporter -->
<testsuite hostname="DESKTOP-T7I66BH" failures="0" tests="1" name="SeleniumPrtaice.GoogleSearchTest" time="11.935" errors="0" timestamp="2024-07-26T23:59:59 IST" skipped="0">
  <testcase classname="SeleniumPrtaice.GoogleSearchTest" name="googleSearch" time="11.935"/>
  <system-out/>
</testsuite> <!-- SeleniumPrtaice.GoogleSearchTest -->
