<?xml version="1.0" encoding="UTF-8"?>
<!-- Generated by org.testng.reporters.JUnitReportReporter -->
<testsuite hostname="DESKTOP-T7I66BH" failures="0" tests="1" name="SeleniumPrtaice.RefreshPage" time="18.204" errors="0" timestamp="2024-07-27T08:07:45 IST" skipped="0">
  <testcase classname="SeleniumPrtaice.RefreshPage" name="refreshPage" time="18.204"/>
  <system-out/>
</testsuite> <!-- SeleniumPrtaice.RefreshPage -->
