<?xml version="1.0" encoding="UTF-8"?>
<!-- Generated by org.testng.reporters.JUnitReportReporter -->
<testsuite hostname="DESKTOP-T7I66BH" failures="0" tests="1" name="SeleniumPrtaice.ActionsClass" time="12.525" errors="0" timestamp="2024-09-19T15:53:18 IST" skipped="0">
  <testcase classname="SeleniumPrtaice.ActionsClass" name="actionClass" time="12.525"/>
  <system-out/>
</testsuite> <!-- SeleniumPrtaice.ActionsClass -->
