<?xml version="1.0" encoding="UTF-8"?>
<!-- Generated by org.testng.reporters.JUnitReportReporter -->
<testsuite hostname="DESKTOP-T7I66BH" failures="0" tests="1" name="SeleniumPrtaice.HandleFrames" time="34.477" errors="0" timestamp="2024-09-20T07:58:49 IST" skipped="0">
  <testcase classname="SeleniumPrtaice.HandleFrames" name="handleFrames" time="34.477"/>
  <system-out/>
</testsuite> <!-- SeleniumPrtaice.HandleFrames -->
