<?xml version="1.0" encoding="UTF-8"?>
<!-- Generated by org.testng.reporters.JUnitReportReporter -->
<testsuite hostname="DESKTOP-T7I66BH" failures="0" tests="1" name="SeleniumPrtaice.DragaAndDrop" time="20.490" errors="0" timestamp="2024-07-14T18:17:03 IST" skipped="0">
  <testcase classname="SeleniumPrtaice.DragaAndDrop" name="dragAndDrop" time="20.490"/>
  <system-out/>
</testsuite> <!-- SeleniumPrtaice.DragaAndDrop -->
