<?xml version="1.0" encoding="UTF-8"?>
<!-- Generated by org.testng.reporters.JUnitReportReporter -->
<testsuite hostname="DESKTOP-T7I66BH" failures="0" tests="1" name="SeleniumPrtaice.WindowHandlesPratice" time="14.051" errors="0" timestamp="2024-09-20T10:16:33 IST" skipped="0">
  <testcase classname="SeleniumPrtaice.WindowHandlesPratice" name="HandleMultipleWindow" time="14.051"/>
  <system-out/>
</testsuite> <!-- SeleniumPrtaice.WindowHandlesPratice -->
