<?xml version="1.0" encoding="UTF-8"?>
<!-- Generated by org.testng.reporters.JUnitReportReporter -->
<testsuite hostname="DESKTOP-T7I66BH" failures="0" tests="1" name="SeleniumPrtaice.Date" time="11.223" errors="0" timestamp="2024-06-26T20:16:15 IST" skipped="0">
  <testcase classname="SeleniumPrtaice.Date" name="SendName" time="11.223"/>
  <system-out/>
</testsuite> <!-- SeleniumPrtaice.Date -->
