<?xml version="1.0" encoding="UTF-8"?>
<!-- Generated by org.testng.reporters.JUnitReportReporter -->
<testsuite hostname="DESKTOP-T7I66BH" failures="0" tests="1" name="SeleniumPrtaice.Dropdown1" time="18.072" errors="0" timestamp="2024-07-14T18:40:45 IST" skipped="0">
  <testcase classname="SeleniumPrtaice.Dropdown1" name="dropDown" time="18.072"/>
  <system-out/>
</testsuite> <!-- SeleniumPrtaice.Dropdown1 -->
