<?xml version="1.0" encoding="UTF-8"?>
<!-- Generated by org.testng.reporters.JUnitReportReporter -->
<testsuite hostname="DESKTOP-T7I66BH" failures="0" tests="2" name="SeleniumPrtaice.DropDown" time="32.600" errors="0" timestamp="2024-09-19T17:44:06 IST" skipped="0">
  <testcase classname="SeleniumPrtaice.DropDown" name="dropdown1" time="19.760"/>
  <system-out/>
  <testcase classname="SeleniumPrtaice.DropDown" name="dropDown" time="12.840"/>
  <system-out/>
</testsuite> <!-- SeleniumPrtaice.DropDown -->
