<?xml version="1.0" encoding="UTF-8"?>
<!-- Generated by org.testng.reporters.JUnitReportReporter -->
<testsuite hostname="DESKTOP-T7I66BH" failures="0" tests="1" name="SeleniumPrtaice.GoogleSerch" time="11.628" errors="0" timestamp="2024-07-27T07:33:20 IST" skipped="0">
  <testcase classname="SeleniumPrtaice.GoogleSerch" name="googleSearch" time="11.628"/>
  <system-out/>
</testsuite> <!-- SeleniumPrtaice.GoogleSerch -->
