<?xml version="1.0" encoding="UTF-8"?>
<!-- Generated by org.testng.reporters.JUnitReportReporter -->
<testsuite hostname="DESKTOP-T7I66BH" failures="0" tests="2" name="SeleniumPrtaice.CheckBox" time="38.396" errors="0" timestamp="2024-07-27T07:31:15 IST" skipped="0">
  <testcase classname="SeleniumPrtaice.CheckBox" name="SelectCheckbox" time="11.666"/>
  <system-out/>
  <testcase classname="SeleniumPrtaice.CheckBox" name="SelectallCheckBox" time="26.730"/>
  <system-out/>
</testsuite> <!-- SeleniumPrtaice.CheckBox -->
